18:29:05.566	user: file m2o-startup.mmt
18:29:05.595	user: log+ archive
18:29:05.596	user: log+ catalog
18:29:05.599	user: catalog ./locutor.xml
18:29:05.628	user: archive /home/mihnea/kwarc/omdoc
18:29:05.648	user: archive /home/mihnea/kwarc/oaff/mml
18:29:05.656	user: archive mml flat 
18:29:05.731	  error: Cannot find ressource http://oaff.mathweb.org/mml?PRGCOR_1

18:29:05.733	  error: 
info.kwarc.mmt.api.backend.Backend.getInList$1(Backend.scala:319)
info.kwarc.mmt.api.backend.Backend.get(Backend.scala:328)
info.kwarc.mmt.api.frontend.Controller.retrieve(Controller.scala:67)
info.kwarc.mmt.api.frontend.Controller.iterate(Controller.scala:85)
info.kwarc.mmt.api.frontend.Controller.iterate(Controller.scala:78)
info.kwarc.mmt.api.frontend.Controller$$anon$1.get(Controller.scala:58)
info.kwarc.mmt.api.libraries.Lookup.getModule(Lookup.scala:17)
info.kwarc.mmt.api.backend.Archive.info$kwarc$mmt$api$backend$Archive$$produceFlat(Archive.scala:128)
info.kwarc.mmt.api.backend.Archive$$anonfun$info$kwarc$mmt$api$backend$Archive$$produceFlat$1.apply(Archive.scala:123)
info.kwarc.mmt.api.backend.Archive$$anonfun$info$kwarc$mmt$api$backend$Archive$$produceFlat$1.apply(Archive.scala:122)
scala.collection.IndexedSeqOptimized$class.foreach(IndexedSeqOptimized.scala:34)
scala.collection.mutable.ArrayOps.foreach(ArrayOps.scala:38)
info.kwarc.mmt.api.backend.Archive.info$kwarc$mmt$api$backend$Archive$$produceFlat(Archive.scala:122)
info.kwarc.mmt.api.backend.Archive$$anonfun$info$kwarc$mmt$api$backend$Archive$$produceFlat$1.apply(Archive.scala:123)
info.kwarc.mmt.api.backend.Archive$$anonfun$info$kwarc$mmt$api$backend$Archive$$produceFlat$1.apply(Archive.scala:122)
scala.collection.IndexedSeqOptimized$class.foreach(IndexedSeqOptimized.scala:34)
scala.collection.mutable.ArrayOps.foreach(ArrayOps.scala:38)
info.kwarc.mmt.api.backend.Archive.info$kwarc$mmt$api$backend$Archive$$produceFlat(Archive.scala:122)
info.kwarc.mmt.api.backend.Archive$$anonfun$info$kwarc$mmt$api$backend$Archive$$produceFlat$1.apply(Archive.scala:123)
info.kwarc.mmt.api.backend.Archive$$anonfun$info$kwarc$mmt$api$backend$Archive$$produceFlat$1.apply(Archive.scala:122)
scala.collection.IndexedSeqOptimized$class.foreach(IndexedSeqOptimized.scala:34)
scala.collection.mutable.ArrayOps.foreach(ArrayOps.scala:38)
info.kwarc.mmt.api.backend.Archive.info$kwarc$mmt$api$backend$Archive$$produceFlat(Archive.scala:122)
info.kwarc.mmt.api.backend.Archive.produceFlat(Archive.scala:118)
info.kwarc.mmt.api.frontend.Controller.handle(Controller.scala:188)
info.kwarc.mmt.api.frontend.Controller.handleLine(Controller.scala:163)
info.kwarc.mmt.api.frontend.Controller.handle(Controller.scala:205)
info.kwarc.mmt.mizar.mizar.translator.MizarCompiler$.init(Translator.scala:64)
info.kwarc.mmt.mizar.test.Main$.main(Main.scala:82)
info.kwarc.mmt.mizar.test.Main.main(Main.scala)
sun.reflect.NativeMethodAccessorImpl.invoke0(Native Method)
sun.reflect.NativeMethodAccessorImpl.invoke(NativeMethodAccessorImpl.java:57)
sun.reflect.DelegatingMethodAccessorImpl.invoke(DelegatingMethodAccessorImpl.java:43)
java.lang.reflect.Method.invoke(Method.java:601)
scala.tools.nsc.util.ScalaClassLoader$$anonfun$run$1.apply(ScalaClassLoader.scala:78)
scala.tools.nsc.util.ScalaClassLoader$class.asContext(ScalaClassLoader.scala:24)
scala.tools.nsc.util.ScalaClassLoader$URLClassLoader.asContext(ScalaClassLoader.scala:88)
scala.tools.nsc.util.ScalaClassLoader$class.run(ScalaClassLoader.scala:78)
scala.tools.nsc.util.ScalaClassLoader$URLClassLoader.run(ScalaClassLoader.scala:101)
scala.tools.nsc.ObjectRunner$.run(ObjectRunner.scala:33)
scala.tools.nsc.ObjectRunner$.runAndCatch(ObjectRunner.scala:40)
scala.tools.nsc.MainGenericRunner.runTarget$1(MainGenericRunner.scala:56)
scala.tools.nsc.MainGenericRunner.process(MainGenericRunner.scala:80)
scala.tools.nsc.MainGenericRunner$.main(MainGenericRunner.scala:89)
scala.tools.nsc.MainGenericRunner.main(MainGenericRunner.scala)
