23:05:58.30	user: file m2o-startup.mmt
23:05:58.57	user: local
23:05:58.66	user: catalog locutor.xml
23:05:58.99	user: base http://cds.omdoc.org/
23:05:58.101	user: log+ controller
23:05:58.102	user: log+ reader
23:05:58.666	controller: retrieving http://cds.omdoc.org/set_theories/mizar/mizar-curry.omdoc?Mizar-Curry
23:05:58.835	  reader: document with base http://cds.omdoc.org/set_theories/mizar/mizar-curry.omdoc found
23:05:58.838	  reader: theory Mizar-Curry found
23:05:58.838	  reader: meta-theory http://cds.omdoc.org/foundations/lf/lf.omdoc?lf found
23:05:58.839	  controller: retrieving http://cds.omdoc.org/foundations/lf/lf.omdoc?lf
23:05:58.841	    reader: document with base http://cds.omdoc.org/foundations/lf/lf.omdoc found
23:05:58.841	    reader: theory lf found
23:05:58.850	      reader: constant omitted found
23:05:58.861	      reader: constant kind found
23:05:58.861	      reader: constant type found
23:05:58.861	      reader: constant Pi found
23:05:58.862	      reader: constant implicit_Pi found
23:05:58.862	      reader: constant arrow found
23:05:58.862	      reader: constant lambda found
23:05:58.862	      reader: constant implicit_lambda found
23:05:58.862	      reader: constant oftype found
23:05:58.878	      reader: notation read for NotationKey(Some(http://cds.omdoc.org/foundations/lf/lf.omdoc?lf?arrow),application)
23:05:58.902	      reader: notation read for NotationKey(Some(http://cds.omdoc.org/foundations/lf/lf.omdoc?lf?lambda),binding)
23:05:58.914	      reader: notation read for NotationKey(Some(http://cds.omdoc.org/foundations/lf/lf.omdoc?lf?Pi),binding)
23:05:58.915	      reader: notation read for NotationKey(Some(http://cds.omdoc.org/foundations/lf/lf.omdoc?lf?implicit_lambda),binding)
23:05:58.916	      reader: notation read for NotationKey(Some(http://cds.omdoc.org/foundations/lf/lf.omdoc?lf?implicit_Pi),binding)
23:05:58.918	      reader: notation read for NotationKey(Some(http://cds.omdoc.org/foundations/lf/lf.omdoc?lf?oftype),attribution)
23:05:58.920	      reader: notation read for NotationKey(Some(http://cds.omdoc.org/foundations/lf/lf.omdoc?lf?omitted),attribution)
23:05:58.921	    reader: theory domain found
23:05:58.922	      reader: constant + found
23:05:58.922	      reader: constant * found
23:05:58.922	      reader: constant - found
23:05:58.923	      reader: constant %2F found
23:05:58.924	  controller: retrieved http://cds.omdoc.org/foundations/lf/lf.omdoc?lf
23:05:58.938	    reader: constant any found
23:05:58.957	    reader: constant tp found
23:05:58.959	    reader: constant prop found
23:05:58.962	    reader: constant proof found
23:05:58.969	    reader: notation read for NotationKey(Some(http://cds.omdoc.org/set_theories/mizar/mizar-curry.omdoc?Mizar-Curry?proof),application)
23:05:58.969	    reader: constant is found
23:05:58.977	    reader: notation read for NotationKey(Some(http://cds.omdoc.org/set_theories/mizar/mizar-curry.omdoc?Mizar-Curry?is),application)
23:05:58.977	    reader: constant be found
23:05:59.5	    reader: notation read for NotationKey(Some(http://cds.omdoc.org/set_theories/mizar/mizar-curry.omdoc?Mizar-Curry?be),application)
23:05:59.6	    reader: constant true found
23:05:59.6	    reader: constant false found
23:05:59.7	    reader: constant not found
23:05:59.10	    reader: notation read for NotationKey(Some(http://cds.omdoc.org/set_theories/mizar/mizar-curry.omdoc?Mizar-Curry?not),application)
23:05:59.10	    reader: constant and found
23:05:59.13	    reader: notation read for NotationKey(Some(http://cds.omdoc.org/set_theories/mizar/mizar-curry.omdoc?Mizar-Curry?and),application)
23:05:59.14	    reader: constant & found
23:05:59.23	    reader: notation read for NotationKey(Some(http://cds.omdoc.org/set_theories/mizar/mizar-curry.omdoc?Mizar-Curry?&),application)
23:05:59.23	    reader: constant or found
23:05:59.34	    reader: notation read for NotationKey(Some(http://cds.omdoc.org/set_theories/mizar/mizar-curry.omdoc?Mizar-Curry?or),application)
23:05:59.34	    reader: constant implies found
23:05:59.46	    reader: notation read for NotationKey(Some(http://cds.omdoc.org/set_theories/mizar/mizar-curry.omdoc?Mizar-Curry?implies),application)
23:05:59.46	    reader: constant iff found
23:05:59.57	    reader: notation read for NotationKey(Some(http://cds.omdoc.org/set_theories/mizar/mizar-curry.omdoc?Mizar-Curry?iff),application)
23:05:59.57	    reader: constant eq found
23:05:59.60	    reader: notation read for NotationKey(Some(http://cds.omdoc.org/set_theories/mizar/mizar-curry.omdoc?Mizar-Curry?eq),application)
23:05:59.61	    reader: constant for found
23:05:59.64	    reader: constant ex found
23:05:59.69	    reader: constant ex! found
23:05:59.93	    reader: constant contradiction found
23:05:59.94	    reader: constant trueI found
23:05:59.96	    reader: constant proof_by_contradiction found
23:05:59.101	    reader: notation read for NotationKey(Some(http://cds.omdoc.org/set_theories/mizar/mizar-curry.omdoc?Mizar-Curry?proof_by_contradiction),application)
23:05:59.101	    reader: constant contradictionE found
23:05:59.106	    reader: constant notE found
23:05:59.111	    reader: notation read for NotationKey(Some(http://cds.omdoc.org/set_theories/mizar/mizar-curry.omdoc?Mizar-Curry?notE),application)
23:05:59.112	    reader: constant andI found
23:05:59.119	    reader: notation read for NotationKey(Some(http://cds.omdoc.org/set_theories/mizar/mizar-curry.omdoc?Mizar-Curry?andI),application)
23:05:59.119	    reader: constant andEl found
23:05:59.124	    reader: notation read for NotationKey(Some(http://cds.omdoc.org/set_theories/mizar/mizar-curry.omdoc?Mizar-Curry?andEl),application)
23:05:59.124	    reader: constant andEr found
23:05:59.129	    reader: notation read for NotationKey(Some(http://cds.omdoc.org/set_theories/mizar/mizar-curry.omdoc?Mizar-Curry?andEr),application)
23:05:59.129	    reader: constant not_idem found
23:05:59.142	    reader: notation read for NotationKey(Some(http://cds.omdoc.org/set_theories/mizar/mizar-curry.omdoc?Mizar-Curry?not_idem),application)
23:05:59.142	    reader: constant tnd found
23:05:59.157	    reader: notation read for NotationKey(Some(http://cds.omdoc.org/set_theories/mizar/mizar-curry.omdoc?Mizar-Curry?tnd),application)
23:05:59.157	    reader: constant orIl found
23:05:59.174	    reader: notation read for NotationKey(Some(http://cds.omdoc.org/set_theories/mizar/mizar-curry.omdoc?Mizar-Curry?orIl),application)
23:05:59.175	    reader: constant orIr found
23:05:59.191	    reader: notation read for NotationKey(Some(http://cds.omdoc.org/set_theories/mizar/mizar-curry.omdoc?Mizar-Curry?orIr),application)
23:05:59.191	    reader: constant per_cases found
23:05:59.204	    reader: notation read for NotationKey(Some(http://cds.omdoc.org/set_theories/mizar/mizar-curry.omdoc?Mizar-Curry?per_cases),application)
23:05:59.204	    reader: constant impliesI found
23:05:59.229	    reader: notation read for NotationKey(Some(http://cds.omdoc.org/set_theories/mizar/mizar-curry.omdoc?Mizar-Curry?impliesI),application)
23:05:59.229	    reader: constant impliesE found
23:05:59.247	    reader: notation read for NotationKey(Some(http://cds.omdoc.org/set_theories/mizar/mizar-curry.omdoc?Mizar-Curry?impliesE),application)
23:05:59.247	    reader: constant implies_refl found
23:05:59.258	    reader: notation read for NotationKey(Some(http://cds.omdoc.org/set_theories/mizar/mizar-curry.omdoc?Mizar-Curry?implies_refl),application)
23:05:59.259	    reader: constant iffI found
23:05:59.278	    reader: notation read for NotationKey(Some(http://cds.omdoc.org/set_theories/mizar/mizar-curry.omdoc?Mizar-Curry?iffI),application)
23:05:59.278	    reader: constant iffEl found
23:05:59.290	    reader: notation read for NotationKey(Some(http://cds.omdoc.org/set_theories/mizar/mizar-curry.omdoc?Mizar-Curry?iffEl),application)
23:05:59.290	    reader: constant iffEr found
23:05:59.303	    reader: notation read for NotationKey(Some(http://cds.omdoc.org/set_theories/mizar/mizar-curry.omdoc?Mizar-Curry?iffEr),application)
23:05:59.304	    reader: constant iff_refl found
23:05:59.310	    reader: notation read for NotationKey(Some(http://cds.omdoc.org/set_theories/mizar/mizar-curry.omdoc?Mizar-Curry?iff_refl),application)
23:05:59.311	    reader: constant let found
23:05:59.321	    reader: notation read for NotationKey(Some(http://cds.omdoc.org/set_theories/mizar/mizar-curry.omdoc?Mizar-Curry?let),application)
23:05:59.321	    reader: constant consider found
23:05:59.336	    reader: notation read for NotationKey(Some(http://cds.omdoc.org/set_theories/mizar/mizar-curry.omdoc?Mizar-Curry?consider),application)
23:05:59.336	    reader: constant take found
23:05:59.354	    reader: notation read for NotationKey(Some(http://cds.omdoc.org/set_theories/mizar/mizar-curry.omdoc?Mizar-Curry?take),application)
23:05:59.355	    reader: constant given found
23:05:59.373	    reader: notation read for NotationKey(Some(http://cds.omdoc.org/set_theories/mizar/mizar-curry.omdoc?Mizar-Curry?given),application)
23:05:59.373	    reader: constant refl found
23:05:59.376	    reader: notation read for NotationKey(Some(http://cds.omdoc.org/set_theories/mizar/mizar-curry.omdoc?Mizar-Curry?refl),application)
23:05:59.377	    reader: constant sym found
23:05:59.383	    reader: notation read for NotationKey(Some(http://cds.omdoc.org/set_theories/mizar/mizar-curry.omdoc?Mizar-Curry?sym),application)
23:05:59.383	    reader: constant trans found
23:05:59.390	    reader: notation read for NotationKey(Some(http://cds.omdoc.org/set_theories/mizar/mizar-curry.omdoc?Mizar-Curry?trans),application)
23:05:59.391	    reader: constant congP found
23:05:59.399	    reader: notation read for NotationKey(Some(http://cds.omdoc.org/set_theories/mizar/mizar-curry.omdoc?Mizar-Curry?congP),application)
23:05:59.399	    reader: constant congF found
23:05:59.407	    reader: notation read for NotationKey(Some(http://cds.omdoc.org/set_theories/mizar/mizar-curry.omdoc?Mizar-Curry?congF),application)
23:05:59.408	    reader: constant func found
23:05:59.426	    reader: constant func_prop' found
23:05:59.453	    reader: constant func_prop found
23:05:59.499	    reader: notation read for NotationKey(Some(http://cds.omdoc.org/set_theories/mizar/mizar-curry.omdoc?Mizar-Curry?func_prop),application)
23:05:59.499	    reader: constant mode found
23:05:59.504	    reader: constant mode_prop found
23:05:59.519	    reader: notation read for NotationKey(Some(http://cds.omdoc.org/set_theories/mizar/mizar-curry.omdoc?Mizar-Curry?mode_prop),application)
23:05:59.519	    reader: constant attr found
23:05:59.523	    reader: constant adjective found
23:05:59.526	    reader: constant adjective-non found
23:05:59.529	    reader: constant adjI found
23:05:59.534	    reader: notation read for NotationKey(Some(http://cds.omdoc.org/set_theories/mizar/mizar-curry.omdoc?Mizar-Curry?adjI),application)
23:05:59.535	    reader: constant adjE found
23:05:59.541	    reader: notation read for NotationKey(Some(http://cds.omdoc.org/set_theories/mizar/mizar-curry.omdoc?Mizar-Curry?adjE),application)
23:05:59.541	    reader: constant adj-nonI found
23:05:59.547	    reader: notation read for NotationKey(Some(http://cds.omdoc.org/set_theories/mizar/mizar-curry.omdoc?Mizar-Curry?adj-nonI),application)
23:05:59.548	    reader: constant adj-nonE found
23:05:59.552	    reader: notation read for NotationKey(Some(http://cds.omdoc.org/set_theories/mizar/mizar-curry.omdoc?Mizar-Curry?adj-nonE),application)
23:05:59.552	controller: retrieved http://cds.omdoc.org/set_theories/mizar/mizar-curry.omdoc?Mizar-Curry
23:05:59.554	controller: retrieving http://cds.omdoc.org/set_theories/mizar/HIDDEN.omdoc?HIDDEN
23:05:59.558	  reader: document with base http://cds.omdoc.org/set_theories/mizar/HIDDEN.omdoc found
23:05:59.558	  reader: theory HIDDEN found
23:05:59.558	  reader: meta-theory http://cds.omdoc.org/foundations/lf/lf.omdoc?lf found
23:05:59.559	    reader: include from http://cds.omdoc.org/set_theories/mizar/mizar-curry.omdoc?Mizar-Curry found
23:05:59.562	    reader: constant set found
23:05:59.563	    reader: constant set_ax found
23:05:59.570	    reader: notation read for NotationKey(Some(http://cds.omdoc.org/set_theories/mizar/HIDDEN.omdoc?HIDDEN?set_ax),application)
23:05:59.570	    reader: constant == found
23:05:59.575	    reader: notation read for NotationKey(Some(http://cds.omdoc.org/set_theories/mizar/HIDDEN.omdoc?HIDDEN?==),application)
23:05:59.575	    reader: constant <> found
23:05:59.581	    reader: notation read for NotationKey(Some(http://cds.omdoc.org/set_theories/mizar/HIDDEN.omdoc?HIDDEN?<>),application)
23:05:59.581	    reader: constant in found
23:05:59.583	    reader: notation read for NotationKey(Some(http://cds.omdoc.org/set_theories/mizar/HIDDEN.omdoc?HIDDEN?in),application)
23:05:59.583	controller: retrieved http://cds.omdoc.org/set_theories/mizar/HIDDEN.omdoc?HIDDEN
